{"code":"28P01","file":"auth.c","length":104,"level":"\u001b[31merror\u001b[39m","line":"331","message":"\u001b[31mFailed to connect to PostgreSQL: password authentication failed for user \"postgres\"\u001b[39m","name":"error","routine":"auth_failed","severity":"FATAL","stack":"error: password authentication failed for user \"postgres\"\n    at D:\\Venkata\\County of Hawaaii\\compliance-dashboard\\hawaii-vrbo-airbnb-crawler-api\\node_modules\\pg-pool\\index.js:45:11\n    at processTicksAndRejections (node:internal/process/task_queues:103:5)\n    at async connectDatabase (D:\\Venkata\\County of Hawaaii\\compliance-dashboard\\hawaii-vrbo-airbnb-crawler-api\\src\\config\\database.ts:18:20)\n    at async startServer (D:\\Venkata\\County of Hawaaii\\compliance-dashboard\\hawaii-vrbo-airbnb-crawler-api\\src\\server.ts:135:5)","timestamp":"2026-02-03 10:25:31:2531"}
{"level":"\u001b[33mwarn\u001b[39m","message":"\u001b[33mContinuing without PostgreSQL connection...\u001b[39m","timestamp":"2026-02-03 10:25:31:2531"}
{"level":"\u001b[32minfo\u001b[39m","message":"\u001b[32mConnected to PostgreSQL database\u001b[39m","timestamp":"2026-02-03 10:25:31:2531"}
{"code":"28P01","file":"auth.c","length":104,"level":"\u001b[31merror\u001b[39m","line":"331","message":"\u001b[31mFailed to create database tables: password authentication failed for user \"postgres\"\u001b[39m","name":"error","routine":"auth_failed","severity":"FATAL","stack":"error: password authentication failed for user \"postgres\"\n    at D:\\Venkata\\County of Hawaaii\\compliance-dashboard\\hawaii-vrbo-airbnb-crawler-api\\node_modules\\pg-pool\\index.js:45:11\n    at processTicksAndRejections (node:internal/process/task_queues:103:5)\n    at async getClient (D:\\Venkata\\County of Hawaaii\\compliance-dashboard\\hawaii-vrbo-airbnb-crawler-api\\src\\config\\database.ts:65:10)\n    at async createTables (D:\\Venkata\\County of Hawaaii\\compliance-dashboard\\hawaii-vrbo-airbnb-crawler-api\\src\\config\\database.ts:82:20)\n    at async startServer (D:\\Venkata\\County of Hawaaii\\compliance-dashboard\\hawaii-vrbo-airbnb-crawler-api\\src\\server.ts:139:5)","timestamp":"2026-02-03 10:25:31:2531"}
{"code":"28P01","file":"auth.c","length":104,"level":"\u001b[31merror\u001b[39m","line":"331","message":"\u001b[31mFailed to connect to PostgreSQL: password authentication failed for user \"postgres\"\u001b[39m","name":"error","routine":"auth_failed","severity":"FATAL","stack":"error: password authentication failed for user \"postgres\"\n    at D:\\Venkata\\County of Hawaaii\\compliance-dashboard\\hawaii-vrbo-airbnb-crawler-api\\node_modules\\pg-pool\\index.js:45:11\n    at processTicksAndRejections (node:internal/process/task_queues:103:5)\n    at async connectDatabase (D:\\Venkata\\County of Hawaaii\\compliance-dashboard\\hawaii-vrbo-airbnb-crawler-api\\src\\config\\database.ts:18:20)\n    at async startServer (D:\\Venkata\\County of Hawaaii\\compliance-dashboard\\hawaii-vrbo-airbnb-crawler-api\\src\\server.ts:135:5)","timestamp":"2026-02-03 10:26:02:262"}
{"level":"\u001b[33mwarn\u001b[39m","message":"\u001b[33mContinuing without PostgreSQL connection...\u001b[39m","timestamp":"2026-02-03 10:26:02:262"}
{"level":"\u001b[32minfo\u001b[39m","message":"\u001b[32mConnected to PostgreSQL database\u001b[39m","timestamp":"2026-02-03 10:26:02:262"}
{"code":"28P01","file":"auth.c","length":104,"level":"\u001b[31merror\u001b[39m","line":"331","message":"\u001b[31mFailed to create database tables: password authentication failed for user \"postgres\"\u001b[39m","name":"error","routine":"auth_failed","severity":"FATAL","stack":"error: password authentication failed for user \"postgres\"\n    at D:\\Venkata\\County of Hawaaii\\compliance-dashboard\\hawaii-vrbo-airbnb-crawler-api\\node_modules\\pg-pool\\index.js:45:11\n    at processTicksAndRejections (node:internal/process/task_queues:103:5)\n    at async getClient (D:\\Venkata\\County of Hawaaii\\compliance-dashboard\\hawaii-vrbo-airbnb-crawler-api\\src\\config\\database.ts:65:10)\n    at async createTables (D:\\Venkata\\County of Hawaaii\\compliance-dashboard\\hawaii-vrbo-airbnb-crawler-api\\src\\config\\database.ts:82:20)\n    at async startServer (D:\\Venkata\\County of Hawaaii\\compliance-dashboard\\hawaii-vrbo-airbnb-crawler-api\\src\\server.ts:140:7)","timestamp":"2026-02-03 10:26:02:262"}
{"code":"28P01","file":"auth.c","length":104,"level":"\u001b[33mwarn\u001b[39m","line":"331","message":"\u001b[33mCould not create database tables, continuing anyway: password authentication failed for user \"postgres\"\u001b[39m","name":"error","routine":"auth_failed","severity":"FATAL","stack":"error: password authentication failed for user \"postgres\"\n    at D:\\Venkata\\County of Hawaaii\\compliance-dashboard\\hawaii-vrbo-airbnb-crawler-api\\node_modules\\pg-pool\\index.js:45:11\n    at processTicksAndRejections (node:internal/process/task_queues:103:5)\n    at async getClient (D:\\Venkata\\County of Hawaaii\\compliance-dashboard\\hawaii-vrbo-airbnb-crawler-api\\src\\config\\database.ts:65:10)\n    at async createTables (D:\\Venkata\\County of Hawaaii\\compliance-dashboard\\hawaii-vrbo-airbnb-crawler-api\\src\\config\\database.ts:82:20)\n    at async startServer (D:\\Venkata\\County of Hawaaii\\compliance-dashboard\\hawaii-vrbo-airbnb-crawler-api\\src\\server.ts:140:7)","timestamp":"2026-02-03 10:26:02:262"}
{"level":"\u001b[32minfo\u001b[39m","message":"\u001b[32mServer running on port 3010\u001b[39m","timestamp":"2026-02-03 10:26:02:262"}
{"level":"\u001b[32minfo\u001b[39m","message":"\u001b[32mDocumentation available at http://localhost:3010/docs\u001b[39m","timestamp":"2026-02-03 10:26:02:262"}
{"level":"\u001b[32minfo\u001b[39m","message":"\u001b[32mHealth check available at http://localhost:3010/health\u001b[39m","timestamp":"2026-02-03 10:26:02:262"}
{"level":"\u001b[32minfo\u001b[39m","message":"\u001b[32mSIGINT received, shutting down gracefully\u001b[39m","timestamp":"2026-02-03 10:26:24:2624"}
{"level":"\u001b[32minfo\u001b[39m","message":"\u001b[32mConnected to PostgreSQL successfully\u001b[39m","timestamp":"2026-02-03 10:27:03:273"}
{"level":"\u001b[32minfo\u001b[39m","message":"\u001b[32mConnected to PostgreSQL database\u001b[39m","timestamp":"2026-02-03 10:27:03:273"}
{"level":"\u001b[32minfo\u001b[39m","message":"\u001b[32mDatabase tables created or verified successfully\u001b[39m","timestamp":"2026-02-03 10:27:03:273"}
{"level":"\u001b[32minfo\u001b[39m","message":"\u001b[32mDatabase tables verified\u001b[39m","timestamp":"2026-02-03 10:27:03:273"}
{"level":"\u001b[32minfo\u001b[39m","message":"\u001b[32mServer running on port 3010\u001b[39m","timestamp":"2026-02-03 10:27:03:273"}
{"level":"\u001b[32minfo\u001b[39m","message":"\u001b[32mDocumentation available at http://localhost:3010/docs\u001b[39m","timestamp":"2026-02-03 10:27:03:273"}
{"level":"\u001b[32minfo\u001b[39m","message":"\u001b[32mHealth check available at http://localhost:3010/health\u001b[39m","timestamp":"2026-02-03 10:27:03:273"}
{"level":"\u001b[32minfo\u001b[39m","message":"\u001b[32m::1 - - [03/Feb/2026:04:57:09 +0000] \"GET /docs HTTP/1.1\" 301 154 \"-\" \"Mozilla/5.0 (Windows NT 10.0; Win64; x64) AppleWebKit/537.36 (KHTML, like Gecko) Chrome/144.0.0.0 Safari/537.36\"\u001b[39m","timestamp":"2026-02-03 10:27:09:279"}
{"level":"\u001b[32minfo\u001b[39m","message":"\u001b[32m::1 - - [03/Feb/2026:04:57:09 +0000] \"GET /docs/ HTTP/1.1\" 200 - \"-\" \"Mozilla/5.0 (Windows NT 10.0; Win64; x64) AppleWebKit/537.36 (KHTML, like Gecko) Chrome/144.0.0.0 Safari/537.36\"\u001b[39m","timestamp":"2026-02-03 10:27:09:279"}
{"level":"\u001b[32minfo\u001b[39m","message":"\u001b[32m::1 - - [03/Feb/2026:04:57:09 +0000] \"GET /docs/swagger-ui-init.js HTTP/1.1\" 200 - \"-\" \"Mozilla/5.0 (Windows NT 10.0; Win64; x64) AppleWebKit/537.36 (KHTML, like Gecko) Chrome/144.0.0.0 Safari/537.36\"\u001b[39m","timestamp":"2026-02-03 10:27:09:279"}
{"level":"\u001b[32minfo\u001b[39m","message":"\u001b[32m::1 - - [03/Feb/2026:04:57:09 +0000] \"GET /docs/swagger-ui.css HTTP/1.1\" 200 - \"-\" \"Mozilla/5.0 (Windows NT 10.0; Win64; x64) AppleWebKit/537.36 (KHTML, like Gecko) Chrome/144.0.0.0 Safari/537.36\"\u001b[39m","timestamp":"2026-02-03 10:27:09:279"}
{"level":"\u001b[32minfo\u001b[39m","message":"\u001b[32m::1 - - [03/Feb/2026:04:57:09 +0000] \"GET /docs/swagger-ui-standalone-preset.js HTTP/1.1\" 200 - \"-\" \"Mozilla/5.0 (Windows NT 10.0; Win64; x64) AppleWebKit/537.36 (KHTML, like Gecko) Chrome/144.0.0.0 Safari/537.36\"\u001b[39m","timestamp":"2026-02-03 10:27:09:279"}
{"level":"\u001b[32minfo\u001b[39m","message":"\u001b[32m::1 - - [03/Feb/2026:04:57:09 +0000] \"GET /docs/swagger-ui-bundle.js HTTP/1.1\" 200 - \"-\" \"Mozilla/5.0 (Windows NT 10.0; Win64; x64) AppleWebKit/537.36 (KHTML, like Gecko) Chrome/144.0.0.0 Safari/537.36\"\u001b[39m","timestamp":"2026-02-03 10:27:09:279"}
{"level":"\u001b[32minfo\u001b[39m","message":"\u001b[32m::1 - - [03/Feb/2026:04:57:09 +0000] \"GET /docs/favicon-32x32.png HTTP/1.1\" 200 628 \"-\" \"Mozilla/5.0 (Windows NT 10.0; Win64; x64) AppleWebKit/537.36 (KHTML, like Gecko) Chrome/144.0.0.0 Safari/537.36\"\u001b[39m","timestamp":"2026-02-03 10:27:09:279"}
{"level":"\u001b[37mdebug\u001b[39m","message":"\u001b[37mPostgreSQL client removed\u001b[39m","timestamp":"2026-02-03 10:27:33:2733"}
{"level":"\u001b[32minfo\u001b[39m","message":"\u001b[32mSIGINT received, shutting down gracefully\u001b[39m","timestamp":"2026-02-03 10:27:33:2733"}
{"level":"\u001b[32minfo\u001b[39m","message":"\u001b[32mConnected to PostgreSQL successfully\u001b[39m","timestamp":"2026-02-03 10:32:57:3257"}
{"level":"\u001b[32minfo\u001b[39m","message":"\u001b[32mConnected to PostgreSQL database\u001b[39m","timestamp":"2026-02-03 10:32:57:3257"}
{"level":"\u001b[32minfo\u001b[39m","message":"\u001b[32mDatabase tables created or verified successfully\u001b[39m","timestamp":"2026-02-03 10:32:57:3257"}
{"level":"\u001b[32minfo\u001b[39m","message":"\u001b[32mDatabase tables verified\u001b[39m","timestamp":"2026-02-03 10:32:57:3257"}
{"level":"\u001b[32minfo\u001b[39m","message":"\u001b[32mServer running on port 3010\u001b[39m","timestamp":"2026-02-03 10:32:57:3257"}
{"level":"\u001b[32minfo\u001b[39m","message":"\u001b[32mDocumentation available at http://localhost:3010/docs\u001b[39m","timestamp":"2026-02-03 10:32:57:3257"}
{"level":"\u001b[32minfo\u001b[39m","message":"\u001b[32mHealth check available at http://localhost:3010/health\u001b[39m","timestamp":"2026-02-03 10:32:57:3257"}
{"level":"\u001b[32minfo\u001b[39m","message":"\u001b[32m::1 - - [03/Feb/2026:05:03:27 +0000] \"GET /api/temporal/workflows HTTP/1.1\" 200 682 \"http://localhost:5173/\" \"Mozilla/5.0 (Windows NT 10.0; Win64; x64) AppleWebKit/537.36 (KHTML, like Gecko) Chrome/144.0.0.0 Safari/537.36\"\u001b[39m","timestamp":"2026-02-03 10:33:27:3327"}
{"level":"\u001b[32minfo\u001b[39m","message":"\u001b[32m::1 - - [03/Feb/2026:05:03:27 +0000] \"GET /api/temporal/workflows HTTP/1.1\" 304 - \"http://localhost:5173/\" \"Mozilla/5.0 (Windows NT 10.0; Win64; x64) AppleWebKit/537.36 (KHTML, like Gecko) Chrome/144.0.0.0 Safari/537.36\"\u001b[39m","timestamp":"2026-02-03 10:33:27:3327"}
{"level":"\u001b[37mdebug\u001b[39m","message":"\u001b[37mPostgreSQL client removed\u001b[39m","timestamp":"2026-02-03 10:33:27:3327"}
{"level":"\u001b[32minfo\u001b[39m","message":"\u001b[32m::1 - - [03/Feb/2026:05:04:05 +0000] \"GET /api/temporal/workflows HTTP/1.1\" 304 - \"http://localhost:5173/\" \"Mozilla/5.0 (Windows NT 10.0; Win64; x64) AppleWebKit/537.36 (KHTML, like Gecko) Chrome/144.0.0.0 Safari/537.36\"\u001b[39m","timestamp":"2026-02-03 10:34:05:345"}
{"level":"\u001b[32minfo\u001b[39m","message":"\u001b[32m::1 - - [03/Feb/2026:05:04:05 +0000] \"GET /api/temporal/workflows HTTP/1.1\" 304 - \"http://localhost:5173/\" \"Mozilla/5.0 (Windows NT 10.0; Win64; x64) AppleWebKit/537.36 (KHTML, like Gecko) Chrome/144.0.0.0 Safari/537.36\"\u001b[39m","timestamp":"2026-02-03 10:34:05:345"}
{"level":"\u001b[32minfo\u001b[39m","message":"\u001b[32mSIGINT received, shutting down gracefully\u001b[39m","timestamp":"2026-02-03 10:34:43:3443"}
{"level":"\u001b[32minfo\u001b[39m","message":"\u001b[32mConnected to PostgreSQL successfully\u001b[39m","timestamp":"2026-02-03 10:34:50:3450"}
{"level":"\u001b[32minfo\u001b[39m","message":"\u001b[32mConnected to PostgreSQL database\u001b[39m","timestamp":"2026-02-03 10:34:50:3450"}
{"level":"\u001b[32minfo\u001b[39m","message":"\u001b[32mDatabase tables created or verified successfully\u001b[39m","timestamp":"2026-02-03 10:34:50:3450"}
{"level":"\u001b[32minfo\u001b[39m","message":"\u001b[32mDatabase tables verified\u001b[39m","timestamp":"2026-02-03 10:34:50:3450"}
{"level":"\u001b[32minfo\u001b[39m","message":"\u001b[32mServer running on port 3010\u001b[39m","timestamp":"2026-02-03 10:34:50:3450"}
{"level":"\u001b[32minfo\u001b[39m","message":"\u001b[32mDocumentation available at http://localhost:3010/docs\u001b[39m","timestamp":"2026-02-03 10:34:50:3450"}
{"level":"\u001b[32minfo\u001b[39m","message":"\u001b[32mHealth check available at http://localhost:3010/health\u001b[39m","timestamp":"2026-02-03 10:34:50:3450"}
{"level":"\u001b[37mdebug\u001b[39m","message":"\u001b[37mPostgreSQL client removed\u001b[39m","timestamp":"2026-02-03 10:35:20:3520"}
{"level":"\u001b[32minfo\u001b[39m","message":"\u001b[32mConnected to PostgreSQL successfully\u001b[39m","timestamp":"2026-02-03 10:35:47:3547"}
{"level":"\u001b[32minfo\u001b[39m","message":"\u001b[32mConnected to PostgreSQL database\u001b[39m","timestamp":"2026-02-03 10:35:47:3547"}
{"level":"\u001b[32minfo\u001b[39m","message":"\u001b[32mDatabase tables created or verified successfully\u001b[39m","timestamp":"2026-02-03 10:35:47:3547"}
{"level":"\u001b[32minfo\u001b[39m","message":"\u001b[32mDatabase tables verified\u001b[39m","timestamp":"2026-02-03 10:35:47:3547"}
{"level":"\u001b[32minfo\u001b[39m","message":"\u001b[32mServer running on port 3010\u001b[39m","timestamp":"2026-02-03 10:35:47:3547"}
{"level":"\u001b[32minfo\u001b[39m","message":"\u001b[32mDocumentation available at http://localhost:3010/docs\u001b[39m","timestamp":"2026-02-03 10:35:47:3547"}
{"level":"\u001b[32minfo\u001b[39m","message":"\u001b[32mHealth check available at http://localhost:3010/health\u001b[39m","timestamp":"2026-02-03 10:35:47:3547"}
{"level":"\u001b[32minfo\u001b[39m","message":"\u001b[32mConnected to PostgreSQL successfully\u001b[39m","timestamp":"2026-02-03 10:36:00:360"}
{"level":"\u001b[32minfo\u001b[39m","message":"\u001b[32mConnected to PostgreSQL database\u001b[39m","timestamp":"2026-02-03 10:36:00:360"}
{"level":"\u001b[32minfo\u001b[39m","message":"\u001b[32mDatabase tables created or verified successfully\u001b[39m","timestamp":"2026-02-03 10:36:00:360"}
{"level":"\u001b[32minfo\u001b[39m","message":"\u001b[32mDatabase tables verified\u001b[39m","timestamp":"2026-02-03 10:36:00:360"}
{"level":"\u001b[32minfo\u001b[39m","message":"\u001b[32mServer running on port 3010\u001b[39m","timestamp":"2026-02-03 10:36:00:360"}
{"level":"\u001b[32minfo\u001b[39m","message":"\u001b[32mDocumentation available at http://localhost:3010/docs\u001b[39m","timestamp":"2026-02-03 10:36:00:360"}
{"level":"\u001b[32minfo\u001b[39m","message":"\u001b[32mHealth check available at http://localhost:3010/health\u001b[39m","timestamp":"2026-02-03 10:36:00:360"}
{"level":"\u001b[32minfo\u001b[39m","message":"\u001b[32mConnected to PostgreSQL successfully\u001b[39m","timestamp":"2026-02-03 10:36:09:369"}
{"level":"\u001b[32minfo\u001b[39m","message":"\u001b[32mConnected to PostgreSQL database\u001b[39m","timestamp":"2026-02-03 10:36:09:369"}
{"level":"\u001b[32minfo\u001b[39m","message":"\u001b[32mDatabase tables created or verified successfully\u001b[39m","timestamp":"2026-02-03 10:36:09:369"}
{"level":"\u001b[32minfo\u001b[39m","message":"\u001b[32mConnected to PostgreSQL successfully\u001b[39m","timestamp":"2026-02-03 10:36:42:3642"}
{"level":"\u001b[32minfo\u001b[39m","message":"\u001b[32mConnected to PostgreSQL database\u001b[39m","timestamp":"2026-02-03 10:36:42:3642"}
{"level":"\u001b[32minfo\u001b[39m","message":"\u001b[32mDatabase tables created or verified successfully\u001b[39m","timestamp":"2026-02-03 10:36:42:3642"}
{"level":"\u001b[32minfo\u001b[39m","message":"\u001b[32mDatabase tables verified\u001b[39m","timestamp":"2026-02-03 10:36:42:3642"}
{"level":"\u001b[32minfo\u001b[39m","message":"\u001b[32mServer running on port 3010\u001b[39m","timestamp":"2026-02-03 10:36:42:3642"}
{"level":"\u001b[32minfo\u001b[39m","message":"\u001b[32mDocumentation available at http://localhost:3010/docs\u001b[39m","timestamp":"2026-02-03 10:36:42:3642"}
{"level":"\u001b[32minfo\u001b[39m","message":"\u001b[32mHealth check available at http://localhost:3010/health\u001b[39m","timestamp":"2026-02-03 10:36:42:3642"}
{"level":"\u001b[32minfo\u001b[39m","message":"\u001b[32mSIGINT received, shutting down gracefully\u001b[39m","timestamp":"2026-02-03 10:36:48:3648"}
{"level":"\u001b[32minfo\u001b[39m","message":"\u001b[32mConnected to PostgreSQL successfully\u001b[39m","timestamp":"2026-02-03 10:37:09:379"}
{"level":"\u001b[32minfo\u001b[39m","message":"\u001b[32mConnected to PostgreSQL database\u001b[39m","timestamp":"2026-02-03 10:37:09:379"}
{"level":"\u001b[32minfo\u001b[39m","message":"\u001b[32mDatabase tables created or verified successfully\u001b[39m","timestamp":"2026-02-03 10:37:09:379"}
{"level":"\u001b[32minfo\u001b[39m","message":"\u001b[32mDatabase tables verified\u001b[39m","timestamp":"2026-02-03 10:37:09:379"}
{"level":"\u001b[32minfo\u001b[39m","message":"\u001b[32mServer running on port 3010\u001b[39m","timestamp":"2026-02-03 10:37:09:379"}
{"level":"\u001b[32minfo\u001b[39m","message":"\u001b[32mDocumentation available at http://localhost:3010/docs\u001b[39m","timestamp":"2026-02-03 10:37:09:379"}
{"level":"\u001b[32minfo\u001b[39m","message":"\u001b[32mHealth check available at http://localhost:3010/health\u001b[39m","timestamp":"2026-02-03 10:37:09:379"}
{"level":"\u001b[32minfo\u001b[39m","message":"\u001b[32m::1 - - [03/Feb/2026:05:07:11 +0000] \"POST /api/temporal/workflows/start HTTP/1.1\" 500 1212 \"-\" \"curl/8.16.0\"\u001b[39m","timestamp":"2026-02-03 10:37:11:3711"}
{"level":"\u001b[32minfo\u001b[39m","message":"\u001b[32mConnected to PostgreSQL successfully\u001b[39m","timestamp":"2026-02-03 10:37:19:3719"}
{"level":"\u001b[32minfo\u001b[39m","message":"\u001b[32mConnected to PostgreSQL database\u001b[39m","timestamp":"2026-02-03 10:37:19:3719"}
{"level":"\u001b[32minfo\u001b[39m","message":"\u001b[32mDatabase tables created or verified successfully\u001b[39m","timestamp":"2026-02-03 10:37:19:3719"}
{"level":"\u001b[32minfo\u001b[39m","message":"\u001b[32mDatabase tables verified\u001b[39m","timestamp":"2026-02-03 10:37:19:3719"}
{"level":"\u001b[32minfo\u001b[39m","message":"\u001b[32mServer running on port 3010\u001b[39m","timestamp":"2026-02-03 10:37:19:3719"}
{"level":"\u001b[32minfo\u001b[39m","message":"\u001b[32mDocumentation available at http://localhost:3010/docs\u001b[39m","timestamp":"2026-02-03 10:37:19:3719"}
{"level":"\u001b[32minfo\u001b[39m","message":"\u001b[32mHealth check available at http://localhost:3010/health\u001b[39m","timestamp":"2026-02-03 10:37:19:3719"}
{"level":"\u001b[32minfo\u001b[39m","message":"\u001b[32m::1 - - [03/Feb/2026:05:07:33 +0000] \"POST /api/temporal/workflows/start HTTP/1.1\" 500 1212 \"-\" \"curl/8.16.0\"\u001b[39m","timestamp":"2026-02-03 10:37:33:3733"}
{"level":"\u001b[37mdebug\u001b[39m","message":"\u001b[37mPostgreSQL client removed\u001b[39m","timestamp":"2026-02-03 10:37:49:3749"}
{"level":"\u001b[32minfo\u001b[39m","message":"\u001b[32m::1 - - [03/Feb/2026:05:11:20 +0000] \"GET /api/temporal/workflows HTTP/1.1\" 304 - \"http://localhost:5173/\" \"Mozilla/5.0 (Macintosh; Intel Mac OS X 10_15_7) AppleWebKit/605.1.15 (KHTML, like Gecko) Version/18.5 Safari/605.1.15\"\u001b[39m","timestamp":"2026-02-03 10:41:20:4120"}
{"level":"\u001b[32minfo\u001b[39m","message":"\u001b[32m::1 - - [03/Feb/2026:05:11:20 +0000] \"GET /api/temporal/workflows HTTP/1.1\" 304 - \"http://localhost:5173/\" \"Mozilla/5.0 (Macintosh; Intel Mac OS X 10_15_7) AppleWebKit/605.1.15 (KHTML, like Gecko) Version/18.5 Safari/605.1.15\"\u001b[39m","timestamp":"2026-02-03 10:41:20:4120"}
{"level":"\u001b[32minfo\u001b[39m","message":"\u001b[32m::1 - - [03/Feb/2026:05:16:36 +0000] \"POST /api/temporal/workflows/start HTTP/1.1\" 500 1212 \"-\" \"Mozilla/5.0 (Windows NT; Windows NT 10.0; en-IN) WindowsPowerShell/5.1.26100.7462\"\u001b[39m","timestamp":"2026-02-03 10:46:36:4636"}
{"level":"\u001b[32minfo\u001b[39m","message":"\u001b[32mConnected to PostgreSQL successfully\u001b[39m","timestamp":"2026-02-03 10:46:50:4650"}
{"level":"\u001b[32minfo\u001b[39m","message":"\u001b[32mConnected to PostgreSQL database\u001b[39m","timestamp":"2026-02-03 10:46:50:4650"}
{"level":"\u001b[32minfo\u001b[39m","message":"\u001b[32mDatabase tables created or verified successfully\u001b[39m","timestamp":"2026-02-03 10:46:50:4650"}
{"level":"\u001b[32minfo\u001b[39m","message":"\u001b[32mDatabase tables verified\u001b[39m","timestamp":"2026-02-03 10:46:50:4650"}
{"level":"\u001b[32minfo\u001b[39m","message":"\u001b[32mServer running on port 3010\u001b[39m","timestamp":"2026-02-03 10:46:50:4650"}
{"level":"\u001b[32minfo\u001b[39m","message":"\u001b[32mDocumentation available at http://localhost:3010/docs\u001b[39m","timestamp":"2026-02-03 10:46:50:4650"}
{"level":"\u001b[32minfo\u001b[39m","message":"\u001b[32mHealth check available at http://localhost:3010/health\u001b[39m","timestamp":"2026-02-03 10:46:50:4650"}
{"level":"\u001b[32minfo\u001b[39m","message":"\u001b[32m::1 - - [03/Feb/2026:05:17:09 +0000] \"POST /api/temporal/workflows/start HTTP/1.1\" 200 171 \"-\" \"-\"\u001b[39m","timestamp":"2026-02-03 10:47:09:479"}
{"level":"\u001b[37mdebug\u001b[39m","message":"\u001b[37mPostgreSQL client removed\u001b[39m","timestamp":"2026-02-03 10:47:20:4720"}
{"level":"\u001b[32minfo\u001b[39m","message":"\u001b[32m::1 - - [03/Feb/2026:05:19:01 +0000] \"POST /api/temporal/workflows/start HTTP/1.1\" 200 171 \"-\" \"-\"\u001b[39m","timestamp":"2026-02-03 10:49:01:491"}
{"level":"\u001b[32minfo\u001b[39m","message":"\u001b[32m::1 - - [03/Feb/2026:05:20:21 +0000] \"GET /api/temporal/workflows HTTP/1.1\" 304 - \"http://localhost:5173/\" \"Mozilla/5.0 (Macintosh; Intel Mac OS X 10_15_7) AppleWebKit/605.1.15 (KHTML, like Gecko) Version/18.5 Safari/605.1.15\"\u001b[39m","timestamp":"2026-02-03 10:50:21:5021"}
{"level":"\u001b[32minfo\u001b[39m","message":"\u001b[32m::1 - - [03/Feb/2026:05:20:21 +0000] \"GET /api/temporal/workflows HTTP/1.1\" 304 - \"http://localhost:5173/\" \"Mozilla/5.0 (Macintosh; Intel Mac OS X 10_15_7) AppleWebKit/605.1.15 (KHTML, like Gecko) Version/18.5 Safari/605.1.15\"\u001b[39m","timestamp":"2026-02-03 10:50:21:5021"}
{"level":"\u001b[32minfo\u001b[39m","message":"\u001b[32m::1 - - [03/Feb/2026:05:20:51 +0000] \"GET /api/temporal/workflows HTTP/1.1\" 304 - \"http://localhost:5173/\" \"Mozilla/5.0 (Windows NT 10.0; Win64; x64) AppleWebKit/537.36 (KHTML, like Gecko) Chrome/144.0.0.0 Safari/537.36\"\u001b[39m","timestamp":"2026-02-03 10:50:51:5051"}
{"level":"\u001b[32minfo\u001b[39m","message":"\u001b[32m::1 - - [03/Feb/2026:05:20:51 +0000] \"GET /api/temporal/workflows HTTP/1.1\" 304 - \"http://localhost:5173/\" \"Mozilla/5.0 (Windows NT 10.0; Win64; x64) AppleWebKit/537.36 (KHTML, like Gecko) Chrome/144.0.0.0 Safari/537.36\"\u001b[39m","timestamp":"2026-02-03 10:50:51:5051"}
{"level":"\u001b[32minfo\u001b[39m","message":"\u001b[32m::1 - - [03/Feb/2026:05:20:53 +0000] \"GET /api/temporal/workflows HTTP/1.1\" 304 - \"http://localhost:5173/\" \"Mozilla/5.0 (Windows NT 10.0; Win64; x64) AppleWebKit/537.36 (KHTML, like Gecko) Chrome/144.0.0.0 Safari/537.36\"\u001b[39m","timestamp":"2026-02-03 10:50:53:5053"}
{"level":"\u001b[32minfo\u001b[39m","message":"\u001b[32m::1 - - [03/Feb/2026:05:20:53 +0000] \"GET /api/temporal/workflows HTTP/1.1\" 304 - \"http://localhost:5173/\" \"Mozilla/5.0 (Windows NT 10.0; Win64; x64) AppleWebKit/537.36 (KHTML, like Gecko) Chrome/144.0.0.0 Safari/537.36\"\u001b[39m","timestamp":"2026-02-03 10:50:53:5053"}
{"level":"\u001b[32minfo\u001b[39m","message":"\u001b[32mConnected to PostgreSQL successfully\u001b[39m","timestamp":"2026-02-03 10:52:13:5213"}
{"level":"\u001b[32minfo\u001b[39m","message":"\u001b[32mConnected to PostgreSQL database\u001b[39m","timestamp":"2026-02-03 10:52:13:5213"}
{"level":"\u001b[32minfo\u001b[39m","message":"\u001b[32mDatabase tables created or verified successfully\u001b[39m","timestamp":"2026-02-03 10:52:13:5213"}
{"level":"\u001b[32minfo\u001b[39m","message":"\u001b[32mDatabase tables verified\u001b[39m","timestamp":"2026-02-03 10:52:13:5213"}
{"level":"\u001b[32minfo\u001b[39m","message":"\u001b[32mServer running on port 3010\u001b[39m","timestamp":"2026-02-03 10:52:13:5213"}
{"level":"\u001b[32minfo\u001b[39m","message":"\u001b[32mDocumentation available at http://localhost:3010/docs\u001b[39m","timestamp":"2026-02-03 10:52:13:5213"}
{"level":"\u001b[32minfo\u001b[39m","message":"\u001b[32mHealth check available at http://localhost:3010/health\u001b[39m","timestamp":"2026-02-03 10:52:13:5213"}
{"level":"\u001b[32minfo\u001b[39m","message":"\u001b[32m::1 - - [03/Feb/2026:05:22:26 +0000] \"GET /api/temporal/workflows HTTP/1.1\" 200 501 \"-\" \"-\"\u001b[39m","timestamp":"2026-02-03 10:52:26:5226"}
{"level":"\u001b[32minfo\u001b[39m","message":"\u001b[32m::1 - - [03/Feb/2026:05:22:38 +0000] \"GET /api/temporal/workflows HTTP/1.1\" 200 501 \"http://localhost:5173/\" \"Mozilla/5.0 (Windows NT 10.0; Win64; x64) AppleWebKit/537.36 (KHTML, like Gecko) Chrome/144.0.0.0 Safari/537.36\"\u001b[39m","timestamp":"2026-02-03 10:52:38:5238"}
{"level":"\u001b[32minfo\u001b[39m","message":"\u001b[32m::1 - - [03/Feb/2026:05:22:38 +0000] \"GET /api/temporal/workflows HTTP/1.1\" 304 - \"http://localhost:5173/\" \"Mozilla/5.0 (Windows NT 10.0; Win64; x64) AppleWebKit/537.36 (KHTML, like Gecko) Chrome/144.0.0.0 Safari/537.36\"\u001b[39m","timestamp":"2026-02-03 10:52:38:5238"}
{"level":"\u001b[32minfo\u001b[39m","message":"\u001b[32m::1 - - [03/Feb/2026:05:22:39 +0000] \"GET /api/temporal/workflows HTTP/1.1\" 304 - \"http://localhost:5173/\" \"Mozilla/5.0 (Windows NT 10.0; Win64; x64) AppleWebKit/537.36 (KHTML, like Gecko) Chrome/144.0.0.0 Safari/537.36\"\u001b[39m","timestamp":"2026-02-03 10:52:39:5239"}
{"level":"\u001b[32minfo\u001b[39m","message":"\u001b[32m::1 - - [03/Feb/2026:05:22:39 +0000] \"GET /api/temporal/workflows HTTP/1.1\" 304 - \"http://localhost:5173/\" \"Mozilla/5.0 (Windows NT 10.0; Win64; x64) AppleWebKit/537.36 (KHTML, like Gecko) Chrome/144.0.0.0 Safari/537.36\"\u001b[39m","timestamp":"2026-02-03 10:52:39:5239"}
{"level":"\u001b[37mdebug\u001b[39m","message":"\u001b[37mPostgreSQL client removed\u001b[39m","timestamp":"2026-02-03 10:52:43:5243"}
{"level":"\u001b[32minfo\u001b[39m","message":"\u001b[32mConnected to PostgreSQL successfully\u001b[39m","timestamp":"2026-02-03 13:11:56:1156"}
{"level":"\u001b[32minfo\u001b[39m","message":"\u001b[32mConnected to PostgreSQL database\u001b[39m","timestamp":"2026-02-03 13:11:56:1156"}
{"level":"\u001b[32minfo\u001b[39m","message":"\u001b[32mDatabase tables created or verified successfully\u001b[39m","timestamp":"2026-02-03 13:11:56:1156"}
{"level":"\u001b[32minfo\u001b[39m","message":"\u001b[32mDatabase tables verified\u001b[39m","timestamp":"2026-02-03 13:11:56:1156"}
{"level":"\u001b[32minfo\u001b[39m","message":"\u001b[32mServer running on port 3010\u001b[39m","timestamp":"2026-02-03 13:11:56:1156"}
{"level":"\u001b[32minfo\u001b[39m","message":"\u001b[32mDocumentation available at http://localhost:3010/docs\u001b[39m","timestamp":"2026-02-03 13:11:56:1156"}
{"level":"\u001b[32minfo\u001b[39m","message":"\u001b[32mHealth check available at http://localhost:3010/health\u001b[39m","timestamp":"2026-02-03 13:11:56:1156"}
{"code":"ECONNREFUSED","level":"\u001b[31merror\u001b[39m","message":"\u001b[31mFailed to connect to PostgreSQL:\u001b[39m","stack":"AggregateError\n    at D:\\Venkata\\County of Hawaaii\\compliance-dashboard\\hawaii-vrbo-airbnb-crawler-api\\node_modules\\pg-pool\\index.js:45:11\n    at processTicksAndRejections (node:internal/process/task_queues:103:5)\n    at async connectDatabase (D:\\Venkata\\County of Hawaaii\\compliance-dashboard\\hawaii-vrbo-airbnb-crawler-api\\src\\config\\database.ts:18:20)\n    at async startServer (D:\\Venkata\\County of Hawaaii\\compliance-dashboard\\hawaii-vrbo-airbnb-crawler-api\\src\\server.ts:135:5)","timestamp":"2026-02-03 18:20:18:2018"}
{"level":"\u001b[33mwarn\u001b[39m","message":"\u001b[33mContinuing without PostgreSQL connection...\u001b[39m","timestamp":"2026-02-03 18:20:18:2018"}
{"level":"\u001b[32minfo\u001b[39m","message":"\u001b[32mConnected to PostgreSQL database\u001b[39m","timestamp":"2026-02-03 18:20:19:2019"}
{"code":"ECONNREFUSED","level":"\u001b[31merror\u001b[39m","message":"\u001b[31mFailed to create database tables:\u001b[39m","stack":"AggregateError\n    at D:\\Venkata\\County of Hawaaii\\compliance-dashboard\\hawaii-vrbo-airbnb-crawler-api\\node_modules\\pg-pool\\index.js:45:11\n    at processTicksAndRejections (node:internal/process/task_queues:103:5)\n    at async getClient (D:\\Venkata\\County of Hawaaii\\compliance-dashboard\\hawaii-vrbo-airbnb-crawler-api\\src\\config\\database.ts:65:10)\n    at async createTables (D:\\Venkata\\County of Hawaaii\\compliance-dashboard\\hawaii-vrbo-airbnb-crawler-api\\src\\config\\database.ts:82:20)\n    at async startServer (D:\\Venkata\\County of Hawaaii\\compliance-dashboard\\hawaii-vrbo-airbnb-crawler-api\\src\\server.ts:140:7)","timestamp":"2026-02-03 18:20:19:2019"}
{"code":"ECONNREFUSED","level":"\u001b[33mwarn\u001b[39m","message":"\u001b[33mCould not create database tables, continuing anyway:\u001b[39m","stack":"AggregateError\n    at D:\\Venkata\\County of Hawaaii\\compliance-dashboard\\hawaii-vrbo-airbnb-crawler-api\\node_modules\\pg-pool\\index.js:45:11\n    at processTicksAndRejections (node:internal/process/task_queues:103:5)\n    at async getClient (D:\\Venkata\\County of Hawaaii\\compliance-dashboard\\hawaii-vrbo-airbnb-crawler-api\\src\\config\\database.ts:65:10)\n    at async createTables (D:\\Venkata\\County of Hawaaii\\compliance-dashboard\\hawaii-vrbo-airbnb-crawler-api\\src\\config\\database.ts:82:20)\n    at async startServer (D:\\Venkata\\County of Hawaaii\\compliance-dashboard\\hawaii-vrbo-airbnb-crawler-api\\src\\server.ts:140:7)","timestamp":"2026-02-03 18:20:19:2019"}
{"level":"\u001b[32minfo\u001b[39m","message":"\u001b[32mServer running on port 3000\u001b[39m","timestamp":"2026-02-03 18:20:19:2019"}
{"level":"\u001b[32minfo\u001b[39m","message":"\u001b[32mDocumentation available at http://localhost:3000/docs\u001b[39m","timestamp":"2026-02-03 18:20:19:2019"}
{"level":"\u001b[32minfo\u001b[39m","message":"\u001b[32mHealth check available at http://localhost:3000/health\u001b[39m","timestamp":"2026-02-03 18:20:19:2019"}
{"code":"ECONNREFUSED","level":"\u001b[31merror\u001b[39m","message":"\u001b[31mFailed to connect to PostgreSQL:\u001b[39m","stack":"AggregateError\n    at D:\\Venkata\\County of Hawaaii\\compliance-dashboard\\hawaii-vrbo-airbnb-crawler-api\\node_modules\\pg-pool\\index.js:45:11\n    at processTicksAndRejections (node:internal/process/task_queues:103:5)\n    at async connectDatabase (D:\\Venkata\\County of Hawaaii\\compliance-dashboard\\hawaii-vrbo-airbnb-crawler-api\\src\\config\\database.ts:18:20)\n    at async startServer (D:\\Venkata\\County of Hawaaii\\compliance-dashboard\\hawaii-vrbo-airbnb-crawler-api\\src\\server.ts:135:5)","timestamp":"2026-02-03 18:31:11:3111"}
{"level":"\u001b[33mwarn\u001b[39m","message":"\u001b[33mContinuing without PostgreSQL connection...\u001b[39m","timestamp":"2026-02-03 18:31:11:3111"}
{"level":"\u001b[32minfo\u001b[39m","message":"\u001b[32mConnected to PostgreSQL database\u001b[39m","timestamp":"2026-02-03 18:31:11:3111"}
{"code":"ECONNREFUSED","level":"\u001b[31merror\u001b[39m","message":"\u001b[31mFailed to create database tables:\u001b[39m","stack":"AggregateError\n    at D:\\Venkata\\County of Hawaaii\\compliance-dashboard\\hawaii-vrbo-airbnb-crawler-api\\node_modules\\pg-pool\\index.js:45:11\n    at processTicksAndRejections (node:internal/process/task_queues:103:5)\n    at async getClient (D:\\Venkata\\County of Hawaaii\\compliance-dashboard\\hawaii-vrbo-airbnb-crawler-api\\src\\config\\database.ts:65:10)\n    at async createTables (D:\\Venkata\\County of Hawaaii\\compliance-dashboard\\hawaii-vrbo-airbnb-crawler-api\\src\\config\\database.ts:82:20)\n    at async startServer (D:\\Venkata\\County of Hawaaii\\compliance-dashboard\\hawaii-vrbo-airbnb-crawler-api\\src\\server.ts:140:7)","timestamp":"2026-02-03 18:31:11:3111"}
{"code":"ECONNREFUSED","level":"\u001b[33mwarn\u001b[39m","message":"\u001b[33mCould not create database tables, continuing anyway:\u001b[39m","stack":"AggregateError\n    at D:\\Venkata\\County of Hawaaii\\compliance-dashboard\\hawaii-vrbo-airbnb-crawler-api\\node_modules\\pg-pool\\index.js:45:11\n    at processTicksAndRejections (node:internal/process/task_queues:103:5)\n    at async getClient (D:\\Venkata\\County of Hawaaii\\compliance-dashboard\\hawaii-vrbo-airbnb-crawler-api\\src\\config\\database.ts:65:10)\n    at async createTables (D:\\Venkata\\County of Hawaaii\\compliance-dashboard\\hawaii-vrbo-airbnb-crawler-api\\src\\config\\database.ts:82:20)\n    at async startServer (D:\\Venkata\\County of Hawaaii\\compliance-dashboard\\hawaii-vrbo-airbnb-crawler-api\\src\\server.ts:140:7)","timestamp":"2026-02-03 18:31:11:3111"}
{"level":"\u001b[32minfo\u001b[39m","message":"\u001b[32mServer running on port 3000\u001b[39m","timestamp":"2026-02-03 18:31:11:3111"}
{"level":"\u001b[32minfo\u001b[39m","message":"\u001b[32mDocumentation available at http://localhost:3000/docs\u001b[39m","timestamp":"2026-02-03 18:31:11:3111"}
{"level":"\u001b[32minfo\u001b[39m","message":"\u001b[32mHealth check available at http://localhost:3000/health\u001b[39m","timestamp":"2026-02-03 18:31:11:3111"}
